OSError: [Errno 18] Invalid cross-device link: '140f2951-b856-47a3-b9bb-377a19e33d5b.hdf5' -> '/usr/local/lib/python3.10/dist-packages/openfermion/testing/data/H1-Na1_sto3g_singlet.hdf5'

During handling of the above exception, another exception occurred:

FileNotFoundError: [Errno 2] No such file or directory
/home/nnepal/CUDA-Q-PSC/Container/mpi2/mpi2-mgpu/try3/vqe-test.py:31: ComplexWarning: Casting complex values to real discards the imaginary part
  spin_ham = cudaq.SpinOperator(qubit_hamiltonian)
RuntimeError: The current quantum_platform does not support parallel distribution of observe() expectation value computations.

[nnepal@ghtest1 try3]$ --------------------------------------------------------------------------
Primary job  terminated normally, but 1 process returned
a non-zero exit code. Per user-direction, the job has been aborted.
--------------------------------------------------------------------------
--------------------------------------------------------------------------
mpiexec detected that one or more processes exited with non-zero status, thus causing
the job to be terminated. The first process to do so was:

  Process name: [[3676,1],1]
  Exit code:    1
--------------------------------------------------------------------------

[3]+  Exit 1                  singularity exec --cleanenv --no-home --bind $PWD/openfermion_data:/usr/local/lib/python3.10/dist-packages/openfermion/testing/data --nv /home/nnepal/CUDA-Q-PSC/Container/cuda-quantum.sif mpiexec -np 2 python3 vqe-test.py > out

